<?xml version="1.0" encoding="UTF-8"?>
<testsuite name="com.telran.selenium.LoginToEbay" tests="1" skipped="0" failures="0" errors="0" timestamp="2019-08-28T15:55:21" hostname="LAPTOP-1IHGM6O5" time="12.726">
  <properties/>
  <testcase name="logInTest" classname="com.telran.selenium.LoginToEbay" time="12.726"/>
  <system-out><![CDATA[]]></system-out>
  <system-err><![CDATA[Starting ChromeDriver 76.0.3809.68 (420c9498db8ce8fcd190a954d51297672c1515d5-refs/branch-heads/3809@{#864}) on port 4245
Only local connections are allowed.
Please protect ports used by ChromeDriver and related test frameworks to prevent access by malicious code.
??? 28, 2019 6:55:21 PM org.openqa.selenium.remote.ProtocolHandshake createSession
INFO: Detected dialect: W3C
]]></system-err>
</testsuite>
